<?xml version="1.0" encoding="UTF-8"?>
<testsuite xmlns:xsi="http://www.w3.org/2001/XMLSchema-instance" xsi:noNamespaceSchemaLocation="https://maven.apache.org/surefire/maven-surefire-plugin/xsd/surefire-test-report-3.0.xsd" version="3.0" name="com.projects.game.MinesweeperTest" time="0.011" tests="7" errors="0" skipped="0" failures="0">
  <properties>
[...]
</properties>
  <testcase name="testAdjacentMineCount" classname="com.projects.game.MinesweeperTest" time="0.003"/>
  <testcase name="testBoundaryRevealDoesNotCrash" classname="com.projects.game.MinesweeperTest" time="0.003"/>
  <testcase name="testRevealMineEndsGame" classname="com.projects.game.MinesweeperTest" time="0.001"/>
  <testcase name="testRevealEmptyCellAndCascade" classname="com.projects.game.MinesweeperTest" time="0.0"/>
  <testcase name="testRevealOutsideBoard_LargeCoordinates" classname="com.projects.game.MinesweeperTest" time="0.001"/>
  <testcase name="testRevealOutsideBoard_NegativeCoordinates" classname="com.projects.game.MinesweeperTest" time="0.001"/>
  <testcase name="testMinePlacementCorrectness" classname="com.projects.game.MinesweeperTest" time="0.001"/>
</testsuite>